RI: PreprocessorWizard.pl run by Joe at Joe-PC:C:/Users/Joe/Desktop/G2Dj/pearl scripts/PreprocessorWizard Sat Mar 18 02:58:30 2017
RI: PreprocessorWizard.pl version is $Id: PreprocessorWizard.pl,v 1.4 2015/07/29 23:29:38 rtbailey Exp rtbailey $
DI: option -ask_all                          = 0
DI: option -defaults_file                    = pwiz\PreprocessorWizard.pl.Joe.c.defaults
DI: option -List                             = MyFiles.txt
DI: option -Extns                            = c
DI: option -Commentizer1                     = //.
DI: option -Commentizer2                     = //|
DI: option -Decommentize                     = 0
DI: option -KeepResult                       = true
DI: option -StartDir                         = 
DI: option -DoDirPtns                        = 
DI: option -SkipDirPtns                      = 
DI: option -MaxDepth                         = 
DI: option -BackupDir                        = MyBackupDir
DI: option -DoFile                           = Desktop.pl
DI: option -Files                            = 
DI: option -log_file                         = MyBackupDir\logs\PreprocessorWizard.pl.log
DI: option -defaults_file[ 0]                = pwiz\PreprocessorWizard.pl.Joe.defaults
DI: option -defaults_file[ 1]                = pwiz\PreprocessorWizard.pl.Joe.c.defaults
RI: Evaluating DoFile Desktop.pl ...
RI: global in DoFile: ref to HASH w/ 1 members:
RI: global in DoFile: |  {DESKTOP} => TRUE
RI: global: ref to HASH w/ 1 members:
RI: global: |  {DESKTOP} => TRUE
RI: Number of files to be preprocessed: 57
RI:   2 changes: ..\..\src\grimhaus\com\G2Dj\Constants.java                    Backup: MyBackupDir\src^grimhaus^com^G2Dj\Constants.java
RI:   2 changes: ..\..\src\grimhaus\com\G2Dj\Debug.java                        Backup: MyBackupDir\src^grimhaus^com^G2Dj\Debug.java
RI: No  changes: ..\..\src\grimhaus\com\G2Dj\Engine.java
RI: No  changes: ..\..\src\grimhaus\com\G2Dj\Files.java
RI:   8 changes: ..\..\src\grimhaus\com\G2Dj\Graphics.java                     Backup: MyBackupDir\src^grimhaus^com^G2Dj\Graphics.java
RI:  12 changes: ..\..\src\grimhaus\com\G2Dj\Input.java                        Backup: MyBackupDir\src^grimhaus^com^G2Dj\Input.java
RI:  13 changes: ..\..\src\grimhaus\com\G2Dj\Resources.java                    Backup: MyBackupDir\src^grimhaus^com^G2Dj\Resources.java
RI:  62 changes: ..\..\src\grimhaus\com\G2Dj\android\MainActivity.java         Backup: MyBackupDir\src^grimhaus^com^G2Dj^android\MainActivity.java
RI:  73 changes: ..\..\src\grimhaus\com\G2Dj\android\MyGLRenderer.java         Backup: MyBackupDir\src^grimhaus^com^G2Dj^android\MyGLRenderer.java
RI:  35 changes: ..\..\src\grimhaus\com\G2Dj\android\MyGLSurfaceView.java      Backup: MyBackupDir\src^grimhaus^com^G2Dj^android\MyGLSurfaceView.java
RI:  43 changes: ..\..\src\grimhaus\com\G2Dj\android\TestEngine.java           Backup: MyBackupDir\src^grimhaus^com^G2Dj^android\TestEngine.java
RI:  37 changes: ..\..\src\grimhaus\com\G2Dj\android\TestGameObject.java       Backup: MyBackupDir\src^grimhaus^com^G2Dj^android\TestGameObject.java
RI: No  changes: ..\..\src\grimhaus\com\G2Dj\Imp\Engine\Transform.java
RI: No  changes: ..\..\src\grimhaus\com\G2Dj\Imp\Graphics\CameraClearMode.java
RI: No  changes: ..\..\src\grimhaus\com\G2Dj\Imp\Graphics\CameraProjectionMode.java
RI: No  changes: ..\..\src\grimhaus\com\G2Dj\Imp\Graphics\Color.java
RI: No  changes: ..\..\src\grimhaus\com\G2Dj\Imp\Graphics\DisplayMode.java
RI: 134 changes: ..\..\src\grimhaus\com\G2Dj\Imp\Graphics\GL.java              Backup: MyBackupDir\src^grimhaus^com^G2Dj^Imp^Graphics\GL.java
RI: No  changes: ..\..\src\grimhaus\com\G2Dj\Imp\Graphics\GraphicsObject.java
RI: No  changes: ..\..\src\grimhaus\com\G2Dj\Imp\Graphics\GraphicsResource.java
RI: No  changes: ..\..\src\grimhaus\com\G2Dj\Imp\Graphics\GraphicsResourceCollection.java
RI: No  changes: ..\..\src\grimhaus\com\G2Dj\Imp\Graphics\Model.java
RI: No  changes: ..\..\src\grimhaus\com\G2Dj\Imp\Graphics\ModelCollection.java
RI: No  changes: ..\..\src\grimhaus\com\G2Dj\Imp\Graphics\PointerLockMode.java
RI: No  changes: ..\..\src\grimhaus\com\G2Dj\Imp\Graphics\ResourceShader.java
RI:   7 changes: ..\..\src\grimhaus\com\G2Dj\Imp\Graphics\ShaderProgram.java   Backup: MyBackupDir\src^grimhaus^com^G2Dj^Imp^Graphics\ShaderProgram.java
RI: No  changes: ..\..\src\grimhaus\com\G2Dj\Imp\Graphics\ShaderProgramCollection.java
RI:  51 changes: ..\..\src\grimhaus\com\G2Dj\Imp\Graphics\Texture.java         Backup: MyBackupDir\src^grimhaus^com^G2Dj^Imp^Graphics\Texture.java
RI: No  changes: ..\..\src\grimhaus\com\G2Dj\Imp\Graphics\TextureCollection.java
RI: No  changes: ..\..\src\grimhaus\com\G2Dj\Imp\Graphics\TextureUniformCollection.java
RI: No  changes: ..\..\src\grimhaus\com\G2Dj\Imp\Graphics\UniformCollection.java
RI: No  changes: ..\..\src\grimhaus\com\G2Dj\Imp\Graphics\Uniforms.java
RI: No  changes: ..\..\src\grimhaus\com\G2Dj\Imp\Graphics\VertexAttribute.java
RI: No  changes: ..\..\src\grimhaus\com\G2Dj\Imp\Graphics\VertexFormat.java
RI: 199 changes: ..\..\src\grimhaus\com\G2Dj\Imp\Graphics\Window.java          Backup: MyBackupDir\src^grimhaus^com^G2Dj^Imp^Graphics\Window.java
RI: 259 changes: ..\..\src\grimhaus\com\G2Dj\Imp\Input\KeyboardInputHandler.java  Backup: MyBackupDir\src^grimhaus^com^G2Dj^Imp^Input\KeyboardInputHandler.java
RI:   8 changes: ..\..\src\grimhaus\com\G2Dj\Imp\Input\KeyboardState.java      Backup: MyBackupDir\src^grimhaus^com^G2Dj^Imp^Input\KeyboardState.java
RI: No  changes: ..\..\src\grimhaus\com\G2Dj\Imp\Input\KeyCode.java
RI: No  changes: ..\..\src\grimhaus\com\G2Dj\Imp\Input\KeyState.java
RI: No  changes: ..\..\src\grimhaus\com\G2Dj\Resource\Graphics\AlphaCutOff.java
RI: No  changes: ..\..\src\grimhaus\com\G2Dj\Resource\Graphics\PinkShaderOfDeath.java
RI: No  changes: ..\..\src\grimhaus\com\G2Dj\Resource\Graphics\Quad.java
RI: No  changes: ..\..\src\grimhaus\com\G2Dj\Type\Engine\Component.java
RI: No  changes: ..\..\src\grimhaus\com\G2Dj\Type\Engine\GameObject.java
RI: No  changes: ..\..\src\grimhaus\com\G2Dj\Type\Engine\Scene.java
RI: No  changes: ..\..\src\grimhaus\com\G2Dj\Type\Engine\SceneGraph.java
RI: No  changes: ..\..\src\grimhaus\com\G2Dj\Type\Graphics\Camera.java
RI: No  changes: ..\..\src\grimhaus\com\G2Dj\Type\Graphics\GraphicsScene.java
RI: No  changes: ..\..\src\grimhaus\com\G2Dj\Type\Graphics\Mesh.java
RI: No  changes: ..\..\src\grimhaus\com\G2Dj\Type\Math\IntVector2.java
RI: No  changes: ..\..\src\grimhaus\com\G2Dj\Type\Math\Mat4x4.java
RI: No  changes: ..\..\src\grimhaus\com\G2Dj\Type\Math\Quaternion.java
RI: No  changes: ..\..\src\grimhaus\com\G2Dj\Type\Math\Vector2.java
RI: No  changes: ..\..\src\grimhaus\com\G2Dj\Type\Math\Vector3.java
RI: No  changes: ..\..\src\grimhaus\com\G2Dj\Type\Resources\File.java
RI:  32 changes: ..\..\src\grimhaus\com\G2Dj\Type\Resources\Image.java         Backup: MyBackupDir\src^grimhaus^com^G2Dj^Type^Resources\Image.java
RI: No  changes: ..\..\src\grimhaus\com\G2Dj\Type\Resources\Text.java
RI: ** 17 of 57 files were changed.  Your backups are in MyBackupDir  Run time 1 secs. **
